15:09:32 INFO  : Registering command handlers for SDK TCF services
15:09:33 INFO  : Launching XSCT server: xsct.bat -interactive C:\Users\Onwubuya.ECS.001\workspace\temp_xsdb_launch_script.tcl
15:09:37 INFO  : XSCT server has started successfully.
15:09:37 INFO  : Successfully done setting XSCT server connection channel  
15:09:40 INFO  : Successfully done setting SDK workspace  
15:13:16 INFO  : Project 'SSEG_Implem' created. You can now create BSPs and application projects targeting this hardware platform.
15:26:03 INFO  : Registering command handlers for SDK TCF services
15:26:04 INFO  : Launching XSCT server: xsct.bat -interactive E:\SSEG_Peripheral\workspace\temp_xsdb_launch_script.tcl
15:26:11 INFO  : XSCT server has started successfully.
15:26:25 INFO  : Successfully done setting XSCT server connection channel  
15:26:31 INFO  : Successfully done setting SDK workspace  
18:42:47 INFO  : Registering command handlers for SDK TCF services
18:42:49 INFO  : Launching XSCT server: xsct.bat -interactive C:\Users\user\SSEG_Peripheral\workspace\temp_xsdb_launch_script.tcl
18:42:54 INFO  : XSCT server has started successfully.
18:43:01 INFO  : Successfully done setting XSCT server connection channel  
18:43:01 INFO  : Successfully done setting SDK workspace  
22:12:21 INFO  : CPU Number not found for processor microblaze_I, defaulting to 0 
22:15:23 ERROR : (XSDB Server)ERROR: [Hsi 55-1594] Core cpu of version 2.7 not found in repositories
ERROR: [Hsi 55-1594] Core bram of version 4.2 not found in repositories
ERROR: [Hsi 55-1594] Core bram of version 4.2 not found in repositories
ERROR: [Hsi 55-1594] Core iomodule of version 2.5 not found in repositories
ERROR: [Hsi 55-1594] Core standalone of version 
22:15:23 ERROR : (XSDB Server)6.7 not found in repositories

22:15:23 ERROR : (XSDB Server)ERROR: [Hsi 55-1452] Error: runn
22:15:23 ERROR : (XSDB Server)ing open_sw_design.

22:15:23 ERROR :  [Common 17-39] 'hsi::open_sw_design' failed due to earlier errors.
22:15:23 ERROR : (XSDB Server)ERROR: [Hsi 55-1594] Core cpu of version 2.7 
22:15:23 ERROR : (XSDB Server)not found in repositories

22:15:23 ERROR : (XSDB Server)ERROR: [Hsi 55-1594] Core bram of version 4.2 not found 
22:15:23 ERROR : (XSDB Server)in rep
22:15:23 ERROR : (XSDB Server)ositories

22:15:23 ERROR : (XSDB Server)ERROR: [Hsi 55-
22:15:23 ERROR : (XSDB Server)1
22:15:23 ERROR : (XSDB Server)5
22:15:23 ERROR : (XSDB Server)9
22:15:23 ERROR : (XSDB Server)4
22:15:23 ERROR : (XSDB Server)]
22:15:23 ERROR : (XSDB Server) 
22:15:23 ERROR : (XSDB Server)C
22:15:23 ERROR : (XSDB Server)ore bram 
22:15:23 ERROR : (XSDB Server)o
22:15:23 ERROR : (XSDB Server)f
22:15:23 ERROR : (XSDB Server) 
22:15:23 ERROR : (XSDB Server)v
22:15:23 ERROR : (XSDB Server)e
22:15:23 ERROR : (XSDB Server)r
22:15:23 ERROR : (XSDB Server)s
22:15:23 ERROR : (XSDB Server)i
22:15:23 ERROR : (XSDB Server)o
22:15:23 ERROR : (XSDB Server)n
22:15:23 ERROR : (XSDB Server) 
22:15:23 ERROR : (XSDB Server)4
22:15:23 ERROR : (XSDB Server).
22:15:23 ERROR : (XSDB Server)2
22:15:23 ERROR : (XSDB Server) 
22:15:23 ERROR : (XSDB Server)n
22:15:23 ERROR : (XSDB Server)o
22:15:23 ERROR : (XSDB Server)t
22:15:23 ERROR : (XSDB Server) 
22:15:23 ERROR : (XSDB Server)f
22:15:23 ERROR : (XSDB Server)o
22:15:23 ERROR : (XSDB Server)u
22:15:23 ERROR : (XSDB Server)n
22:15:23 ERROR : (XSDB Server)d
22:15:23 ERROR : (XSDB Server) 
22:15:23 ERROR : (XSDB Server)i
22:15:23 ERROR : (XSDB Server)n
22:15:23 ERROR : (XSDB Server) 
22:15:23 ERROR : (XSDB Server)r
22:15:23 ERROR : (XSDB Server)e
22:15:23 ERROR : (XSDB Server)p
22:15:23 ERROR : (XSDB Server)o
22:15:23 ERROR : (XSDB Server)s
22:15:23 ERROR : (XSDB Server)i
22:15:23 ERROR : (XSDB Server)t
22:15:23 ERROR : (XSDB Server)o
22:15:23 ERROR : (XSDB Server)r
22:15:23 ERROR : (XSDB Server)i
22:15:23 ERROR : (XSDB Server)e
22:15:23 ERROR : (XSDB Server)s
22:15:23 ERROR : (XSDB Server)

22:15:23 ERROR : (XSDB Server)E
22:15:23 ERROR : (XSDB Server)R
22:15:23 ERROR : (XSDB Server)R
22:15:23 ERROR : (XSDB Server)O
22:15:23 ERROR : (XSDB Server)R: [Hsi 55-1594] Core iomodule of version 2.5 not found in repositories
ERROR: [Hsi 55-1594] Core standalone of version 6.7 not found in repositories
ERROR: [Hsi 55-1452] Error: running open_sw_design.

22:15:23 INFO  : Unable to read in MSS file C:\Users\user\SSEG_Peripheral\workspace\standalone_bsp_0\system.mss : null
22:15:23 ERROR : (XSDB Server)ERROR: [Hsi 55-1594] Core cpu of version 2.7 not found 
22:15:23 ERROR : (XSDB Server)in repositories

22:15:23 ERROR : (XSDB Server)ERROR: [Hsi 55-1594] Core bram of version 4.2 not found in repositories

22:15:23 ERROR : (XSDB Server)ERROR: [Hsi 55-1594
22:15:23 ERROR : (XSDB Server)] Core bram of version 4.2 not f
22:15:23 ERROR : (XSDB Server)oun
22:15:23 ERROR : (XSDB Server)d
22:15:23 ERROR : (XSDB Server) 
22:15:23 ERROR : (XSDB Server)i
22:15:23 ERROR : (XSDB Server)n repositories

22:15:23 ERROR : (XSDB Server)ERROR: [Hsi 55-1594
22:15:23 ERROR : (XSDB Server)]
22:15:23 ERROR : (XSDB Server) Core iomodule
22:15:23 ERROR : (XSDB Server) of version 2.5 not found in repositories

22:15:23 ERROR : (XSDB Server)E
22:15:23 ERROR : (XSDB Server)R
22:15:23 ERROR : (XSDB Server)R
22:15:23 ERROR : (XSDB Server)O
22:15:23 ERROR : (XSDB Server)R
22:15:23 ERROR : (XSDB Server):
22:15:23 ERROR : (XSDB Server) 
22:15:23 ERROR : (XSDB Server)[
22:15:23 ERROR : (XSDB Server)H
22:15:23 ERROR : (XSDB Server)s
22:15:23 ERROR : (XSDB Server)i
22:15:23 ERROR : (XSDB Server) 
22:15:23 ERROR : (XSDB Server)55-1594] Core standalone of version 6.7 not found in repositories

22:15:23 ERROR : (XSDB Server)ERROR: [Hsi 55-1452] Error: 
22:15:23 ERROR : (XSDB Server)runnin
22:15:23 ERROR : (XSDB Server)g open_sw_
22:15:23 ERROR : (XSDB Server)d
22:15:23 ERROR : (XSDB Server)e
22:15:23 ERROR : (XSDB Server)s
22:15:23 ERROR : (XSDB Server)ign.

22:15:23 ERROR : (XSDB Server)ERROR: [Hsi 55-1594] Core cpu of version 2.7 not found in repositori
22:15:23 ERROR : (XSDB Server)es

22:15:23 ERROR : (XSDB Server)E
22:15:23 ERROR : (XSDB Server)R
22:15:23 ERROR : (XSDB Server)ROR: [Hsi 55-159
22:15:23 ERROR : (XSDB Server)4
22:15:23 ERROR : (XSDB Server)]
22:15:23 ERROR : (XSDB Server) 
22:15:23 ERROR : (XSDB Server)C
22:15:23 ERROR : (XSDB Server)ore bram of versi
22:15:23 ERROR : (XSDB Server)on 4.2 not found in repositories

22:15:23 ERROR : (XSDB Server)ERROR: [Hsi 55-1594] Core bram of version 4.2 not fou
22:15:23 ERROR : (XSDB Server)nd in repositories
ERROR: [Hsi 55-1594] Core iomodule of version 2.5 not found in repositories
ERROR: [Hsi 55-1594] Core standalone of version 6.7 not found in repositories

22:15:23 ERROR : (XSDB Server)ERROR: [Hsi 55-1452] Error: running open_sw_design.

22:15:23 ERROR : Failed to get_connected_periphs
Reason: ERROR: [Common 17-55] 'get_property' expects at least one object.
Resolution: If [get_<value>] was used to populate the object, check to make sure this command returns at least one valid object.

22:16:35 INFO  : CPU Number not found for processor microblaze_I, defaulting to 0 
22:29:28 ERROR : (XSDB Server)ERROR: [Hsi 55-1594] Core cpu of version 2.7 not found in repositories
ERROR: [Hsi 55-1594] Core bram of version 4.2 not found in repositories
ERROR: [Hsi 55-1594] Core bram of version 4.2 not found in repositories
ER
22:29:28 ERROR : (XSDB Server)ROR: [Hsi 55-1594] Core iomodule of version 2.5 not found in repositories
ERROR: [Hsi 55-1594] Core standalone of version 6.7 not found in repositories
ERROR: [Hsi 55-1452] Error: running open_sw_design.

22:29:28 ERROR :  [Common 17-39] 'hsi::open_sw_design' failed due to earlier errors.
22:29:28 ERROR : (XSDB Server)ERROR: [Hsi 55-1594] 
22:29:28 ERROR : (XSDB Server)Core cpu of version 2.7 not found in repositorie
22:29:28 ERROR : (XSDB Server)s

22:29:28 ERROR : (XSDB Server)E
22:29:28 ERROR : (XSDB Server)R
22:29:28 ERROR : (XSDB Server)R
22:29:28 ERROR : (XSDB Server)O
22:29:28 ERROR : (XSDB Server)R
22:29:28 ERROR : (XSDB Server):
22:29:28 ERROR : (XSDB Server) 
22:29:28 ERROR : (XSDB Server)[
22:29:28 ERROR : (XSDB Server)H
22:29:28 ERROR : (XSDB Server)s
22:29:28 ERROR : (XSDB Server)i
22:29:28 ERROR : (XSDB Server) 
22:29:28 ERROR : (XSDB Server)5
22:29:28 ERROR : (XSDB Server)5
22:29:28 ERROR : (XSDB Server)-
22:29:28 ERROR : (XSDB Server)1
22:29:28 ERROR : (XSDB Server)5
22:29:28 ERROR : (XSDB Server)9
22:29:28 ERROR : (XSDB Server)4
22:29:28 ERROR : (XSDB Server)]
22:29:28 ERROR : (XSDB Server) 
22:29:28 ERROR : (XSDB Server)C
22:29:28 ERROR : (XSDB Server)o
22:29:28 ERROR : (XSDB Server)r
22:29:28 ERROR : (XSDB Server)e
22:29:28 ERROR : (XSDB Server) 
22:29:28 ERROR : (XSDB Server)b
22:29:28 ERROR : (XSDB Server)r
22:29:28 ERROR : (XSDB Server)a
22:29:28 ERROR : (XSDB Server)m
22:29:28 ERROR : (XSDB Server) 
22:29:28 ERROR : (XSDB Server)o
22:29:28 ERROR : (XSDB Server)f
22:29:28 ERROR : (XSDB Server) 
22:29:28 ERROR : (XSDB Server)v
22:29:28 ERROR : (XSDB Server)e
22:29:28 ERROR : (XSDB Server)r
22:29:28 ERROR : (XSDB Server)s
22:29:28 ERROR : (XSDB Server)i
22:29:28 ERROR : (XSDB Server)o
22:29:28 ERROR : (XSDB Server)n
22:29:28 ERROR : (XSDB Server) 
22:29:28 ERROR : (XSDB Server)4
22:29:28 ERROR : (XSDB Server).
22:29:28 ERROR : (XSDB Server)2
22:29:28 ERROR : (XSDB Server) 
22:29:28 ERROR : (XSDB Server)n
22:29:28 ERROR : (XSDB Server)o
22:29:28 ERROR : (XSDB Server)t
22:29:28 ERROR : (XSDB Server) 
22:29:28 ERROR : (XSDB Server)f
22:29:28 ERROR : (XSDB Server)o
22:29:28 ERROR : (XSDB Server)u
22:29:28 ERROR : (XSDB Server)n
22:29:28 ERROR : (XSDB Server)d
22:29:28 ERROR : (XSDB Server) 
22:29:28 ERROR : (XSDB Server)i
22:29:28 ERROR : (XSDB Server)n
22:29:28 ERROR : (XSDB Server) 
22:29:28 ERROR : (XSDB Server)r
22:29:28 ERROR : (XSDB Server)epositories
ERR
22:29:28 ERROR : (XSDB Server)O
22:29:28 ERROR : (XSDB Server)R
22:29:28 ERROR : (XSDB Server):
22:29:28 ERROR : (XSDB Server) 
22:29:28 ERROR : (XSDB Server)[
22:29:28 ERROR : (XSDB Server)H
22:29:28 ERROR : (XSDB Server)s
22:29:28 ERROR : (XSDB Server)i
22:29:28 ERROR : (XSDB Server) 
22:29:28 ERROR : (XSDB Server)5
22:29:28 ERROR : (XSDB Server)5
22:29:28 ERROR : (XSDB Server)-
22:29:28 ERROR : (XSDB Server)1
22:29:28 ERROR : (XSDB Server)5
22:29:28 ERROR : (XSDB Server)9
22:29:28 ERROR : (XSDB Server)4
22:29:28 ERROR : (XSDB Server)]
22:29:28 ERROR : (XSDB Server) 
22:29:28 ERROR : (XSDB Server)C
22:29:28 ERROR : (XSDB Server)o
22:29:28 ERROR : (XSDB Server)r
22:29:28 ERROR : (XSDB Server)e
22:29:28 ERROR : (XSDB Server) 
22:29:28 ERROR : (XSDB Server)b
22:29:28 ERROR : (XSDB Server)r
22:29:28 ERROR : (XSDB Server)a
22:29:28 ERROR : (XSDB Server)m
22:29:28 ERROR : (XSDB Server) 
22:29:28 ERROR : (XSDB Server)o
22:29:28 ERROR : (XSDB Server)f
22:29:28 ERROR : (XSDB Server) 
22:29:28 ERROR : (XSDB Server)v
22:29:28 ERROR : (XSDB Server)e
22:29:28 ERROR : (XSDB Server)r
22:29:28 ERROR : (XSDB Server)s
22:29:28 ERROR : (XSDB Server)i
22:29:28 ERROR : (XSDB Server)o
22:29:28 ERROR : (XSDB Server)n
22:29:28 ERROR : (XSDB Server) 
22:29:28 ERROR : (XSDB Server)4
22:29:28 ERROR : (XSDB Server).
22:29:28 ERROR : (XSDB Server)2
22:29:28 ERROR : (XSDB Server) 
22:29:28 ERROR : (XSDB Server)n
22:29:28 ERROR : (XSDB Server)o
22:29:28 ERROR : (XSDB Server)t
22:29:28 ERROR : (XSDB Server) 
22:29:28 ERROR : (XSDB Server)f
22:29:28 ERROR : (XSDB Server)o
22:29:28 ERROR : (XSDB Server)u
22:29:28 ERROR : (XSDB Server)n
22:29:28 ERROR : (XSDB Server)d
22:29:28 ERROR : (XSDB Server) 
22:29:28 ERROR : (XSDB Server)i
22:29:28 ERROR : (XSDB Server)n
22:29:28 ERROR : (XSDB Server) 
22:29:28 ERROR : (XSDB Server)r
22:29:28 ERROR : (XSDB Server)e
22:29:28 ERROR : (XSDB Server)p
22:29:28 ERROR : (XSDB Server)o
22:29:28 ERROR : (XSDB Server)s
22:29:28 ERROR : (XSDB Server)itories

22:29:28 ERROR : (XSDB Server)E
22:29:28 ERROR : (XSDB Server)R
22:29:28 ERROR : (XSDB Server)R
22:29:28 ERROR : (XSDB Server)O
22:29:28 ERROR : (XSDB Server)R
22:29:28 ERROR : (XSDB Server): [Hsi 55-1594] Core
22:29:28 ERROR : (XSDB Server) 
22:29:28 ERROR : (XSDB Server)i
22:29:28 ERROR : (XSDB Server)o
22:29:28 ERROR : (XSDB Server)m
22:29:28 ERROR : (XSDB Server)o
22:29:28 ERROR : (XSDB Server)d
22:29:28 ERROR : (XSDB Server)u
22:29:28 ERROR : (XSDB Server)l
22:29:28 ERROR : (XSDB Server)e
22:29:28 ERROR : (XSDB Server) 
22:29:28 ERROR : (XSDB Server)o
22:29:28 ERROR : (XSDB Server)f
22:29:28 ERROR : (XSDB Server) 
22:29:28 ERROR : (XSDB Server)v
22:29:28 ERROR : (XSDB Server)e
22:29:28 ERROR : (XSDB Server)r
22:29:28 ERROR : (XSDB Server)s
22:29:28 ERROR : (XSDB Server)i
22:29:28 ERROR : (XSDB Server)o
22:29:28 ERROR : (XSDB Server)n
22:29:28 ERROR : (XSDB Server) 
22:29:28 ERROR : (XSDB Server)2
22:29:28 ERROR : (XSDB Server).
22:29:28 ERROR : (XSDB Server)5
22:29:28 ERROR : (XSDB Server) 
22:29:28 ERROR : (XSDB Server)n
22:29:28 ERROR : (XSDB Server)o
22:29:28 ERROR : (XSDB Server)t
22:29:28 ERROR : (XSDB Server) 
22:29:28 ERROR : (XSDB Server)f
22:29:28 ERROR : (XSDB Server)o
22:29:28 ERROR : (XSDB Server)u
22:29:28 ERROR : (XSDB Server)n
22:29:28 ERROR : (XSDB Server)d
22:29:28 ERROR : (XSDB Server) 
22:29:28 ERROR : (XSDB Server)i
22:29:28 ERROR : (XSDB Server)n
22:29:28 ERROR : (XSDB Server) 
22:29:28 ERROR : (XSDB Server)r
22:29:28 ERROR : (XSDB Server)e
22:29:28 ERROR : (XSDB Server)p
22:29:28 ERROR : (XSDB Server)o
22:29:28 ERROR : (XSDB Server)s
22:29:28 ERROR : (XSDB Server)i
22:29:28 ERROR : (XSDB Server)t
22:29:28 ERROR : (XSDB Server)o
22:29:28 ERROR : (XSDB Server)r
22:29:28 ERROR : (XSDB Server)i
22:29:28 ERROR : (XSDB Server)e
22:29:28 ERROR : (XSDB Server)s
22:29:28 ERROR : (XSDB Server)

22:29:28 ERROR : (XSDB Server)E
22:29:28 ERROR : (XSDB Server)R
22:29:28 ERROR : (XSDB Server)R
22:29:28 ERROR : (XSDB Server)O
22:29:28 ERROR : (XSDB Server)R
22:29:28 ERROR : (XSDB Server):
22:29:28 ERROR : (XSDB Server) 
22:29:28 ERROR : (XSDB Server)[
22:29:28 ERROR : (XSDB Server)H
22:29:28 ERROR : (XSDB Server)s
22:29:28 ERROR : (XSDB Server)i
22:29:28 ERROR : (XSDB Server) 
22:29:28 ERROR : (XSDB Server)5
22:29:28 ERROR : (XSDB Server)5
22:29:28 ERROR : (XSDB Server)-
22:29:28 ERROR : (XSDB Server)1
22:29:28 ERROR : (XSDB Server)5
22:29:28 ERROR : (XSDB Server)9
22:29:28 ERROR : (XSDB Server)4
22:29:28 ERROR : (XSDB Server)]
22:29:28 ERROR : (XSDB Server) 
22:29:28 ERROR : (XSDB Server)C
22:29:28 ERROR : (XSDB Server)o
22:29:28 ERROR : (XSDB Server)r
22:29:28 ERROR : (XSDB Server)e
22:29:28 ERROR : (XSDB Server) 
22:29:28 ERROR : (XSDB Server)s
22:29:28 ERROR : (XSDB Server)t
22:29:28 ERROR : (XSDB Server)a
22:29:28 ERROR : (XSDB Server)n
22:29:28 ERROR : (XSDB Server)d
22:29:28 ERROR : (XSDB Server)a
22:29:28 ERROR : (XSDB Server)l
22:29:28 ERROR : (XSDB Server)o
22:29:28 ERROR : (XSDB Server)n
22:29:28 ERROR : (XSDB Server)e
22:29:28 ERROR : (XSDB Server) 
22:29:28 ERROR : (XSDB Server)o
22:29:28 ERROR : (XSDB Server)f
22:29:28 ERROR : (XSDB Server) 
22:29:28 ERROR : (XSDB Server)v
22:29:28 ERROR : (XSDB Server)e
22:29:28 ERROR : (XSDB Server)r
22:29:28 ERROR : (XSDB Server)s
22:29:28 ERROR : (XSDB Server)i
22:29:28 ERROR : (XSDB Server)o
22:29:28 ERROR : (XSDB Server)n 6.7 not found in repositories

22:29:28 ERROR : (XSDB Server)ERROR: [Hsi 55-1452] Error: running open_sw_design.

22:29:28 INFO  : Unable to read in MSS file C:\Users\user\SSEG_Peripheral\workspace\standalone_bsp_0\system.mss : null
22:29:48 ERROR : (XSDB Server)ERROR: [Hsi 55-1594] Core cpu of version 2.7 not found in repositories

22:29:48 ERROR : (XSDB Server)ERROR: [Hsi 55-1594] Core bram of version 4.2 not found in repositories
ERROR: [Hsi 55-1594] Core bram of version 4.2 not found in repositories
ERROR: [Hsi 55-1594] Core iomodule of version 2.5 not found in repositorie
22:29:48 ERROR : (XSDB Server)s

22:29:48 ERROR : (XSDB Server)ERROR: [Hsi 55-1594] Core standalone 
22:29:48 ERROR : (XSDB Server)of version 6.7 not found in repositories
ERROR: [Hsi 55-1452] Error: running open_sw_design.

22:29:48 ERROR :  [Common 17-39] 'hsi::open_sw_design' failed due to earlier errors.
22:29:48 ERROR : (XSDB Server)ERROR: [Hsi 55-1594] Core cpu of version 2.7 not found in 
22:29:48 ERROR : (XSDB Server)repositories

22:29:48 ERROR : (XSDB Server)ERROR: [Hsi 55-1594] Core bram of version 4.2 not found in 
22:29:48 ERROR : (XSDB Server)r
22:29:48 ERROR : (XSDB Server)epositories

22:29:48 ERROR : (XSDB Server)ERROR: [Hsi 55-1594] Core bram of version 4.2 not foun
22:29:48 ERROR : (XSDB Server)d
22:29:48 ERROR : (XSDB Server) in repositories
22:29:48 ERROR : (XSDB Server)

22:29:48 ERROR : (XSDB Server)ERROR: [Hsi 55-1594] Core iomodule of version 2.5 
22:29:48 ERROR : (XSDB Server)n
22:29:48 ERROR : (XSDB Server)o
22:29:48 ERROR : (XSDB Server)t
22:29:48 ERROR : (XSDB Server) 
22:29:48 ERROR : (XSDB Server)f
22:29:48 ERROR : (XSDB Server)o
22:29:48 ERROR : (XSDB Server)u
22:29:48 ERROR : (XSDB Server)n
22:29:48 ERROR : (XSDB Server)d
22:29:48 ERROR : (XSDB Server) 
22:29:48 ERROR : (XSDB Server)in repositories
ERROR: [Hsi 55-1594] Core standalone of version 6.7 not found in repositories
ERROR: [Hsi 55-1452] Error: running open_sw_design.

22:29:48 INFO  : Unable to read in MSS file C:\Users\user\SSEG_Peripheral\workspace\standalone_bsp_0\system.mss : null
22:32:47 INFO  : CPU Number not found for processor microblaze_I, defaulting to 0 
22:33:52 INFO  : Connected to target on host '127.0.0.1' and port '3121'.
22:33:53 INFO  : 'targets -set -filter {jtag_cable_name =~ "Digilent Nexys4DDR 210292A4BA4EA" && level==0} -index 0' command is executed.
22:33:55 INFO  : FPGA configured successfully with bitstream "C:/Users/user/SSEG_Peripheral/workspace/SSEG_Implem/download.bit"
22:34:20 INFO  : CPU Number not found for processor microblaze_I, defaulting to 0 
22:34:20 INFO  : 'targets -set -filter {jtag_cable_name =~ "Digilent Nexys4DDR 210292A4BA4EA" && level==0} -index 0' command is executed.
22:34:20 INFO  : 'fpga -state' command is executed.
22:34:20 INFO  : Connected to target on host '127.0.0.1' and port '3121'.
22:34:20 INFO  : CPU Number not found for processor microblaze_I, defaulting to 0 
22:34:21 INFO  : Bscan info not found for microblaze  microblaze_I, defaulting to 2 
22:34:21 INFO  : CPU Number not found for processor microblaze_I, defaulting to 0 
22:34:21 INFO  : Bscan info not found for microblaze  microblaze_I, defaulting to 2 
22:34:21 INFO  : Jtag cable 'Digilent Nexys4DDR 210292A4BA4EA' is selected.
22:34:21 INFO  : 'jtag frequency' command is executed.
22:34:24 ERROR : no targets found with "name =~ "microblaze*#0" && bscan=="USER2"  && jtag_cable_name =~ "Digilent Nexys4DDR 210292A4BA4EA"". available targets:
  1* xc7a100t
22:34:24 INFO  : ----------------XSDB Script----------------
connect -url tcp:127.0.0.1:3121
targets -set -nocase -filter {name =~ "microblaze*#0" && bscan=="USER2"  && jtag_cable_name =~ "Digilent Nexys4DDR 210292A4BA4EA"} -index 0
----------------End of Script----------------

22:34:53 INFO  : Connected to target on host '127.0.0.1' and port '3121'.
22:34:53 INFO  : 'targets -set -filter {jtag_cable_name =~ "Digilent Nexys4DDR 210292A4BA4EA" && level==0} -index 0' command is executed.
22:34:55 INFO  : FPGA configured successfully with bitstream "C:/Users/user/SSEG_Peripheral/workspace/SSEG_Implem/download.bit"
22:35:48 INFO  : Connected to target on host '127.0.0.1' and port '3121'.
22:35:48 INFO  : 'targets -set -filter {jtag_cable_name =~ "Digilent Nexys4DDR 210292A4BA4EA" && level==0} -index 0' command is executed.
22:35:50 INFO  : FPGA configured successfully with bitstream "C:/Users/user/SSEG_Peripheral/workspace/SSEG_Implem/download.bit"
23:46:21 INFO  : SDK has detected change in the last modified timestamps for source hardware specification file Source:1543470294902,  Project:1542235434000
23:46:21 INFO  : Copied contents of C:\Users\user\SSEG_Peripheral\workspace\mcs_top_vanilla.hdf into \SSEG_Implem\system.hdf.
23:46:21 INFO  : Synchronizing projects in the workspace with the hardware platform specification changes.
23:46:22 ERROR : (XSDB Server)ERROR: [Hsi 55-1594] Core cpu of
23:46:22 ERROR : (XSDB Server) version 2.7 not found in repositories
ERROR: [Hsi 55-1594] Core bram of version 4.2 not found in repositories
ERROR: [Hsi 55-1594] Core bram of version 4.2 not found in repositories
ERROR: [Hsi 55-1594]
23:46:22 ERROR : (XSDB Server) 
23:46:22 ERROR : (XSDB Server)C
23:46:22 ERROR : (XSDB Server)ore iomodule
23:46:22 ERROR : (XSDB Server) 
23:46:22 ERROR : (XSDB Server)o
23:46:22 ERROR : (XSDB Server)f
23:46:22 ERROR : (XSDB Server) 
23:46:22 ERROR : (XSDB Server)v
23:46:22 ERROR : (XSDB Server)e
23:46:22 ERROR : (XSDB Server)r
23:46:22 ERROR : (XSDB Server)sion 2.5 not found i
23:46:22 ERROR : (XSDB Server)n
23:46:22 ERROR : (XSDB Server) 
23:46:22 ERROR : (XSDB Server)repositories

23:46:22 ERROR : (XSDB Server)E
23:46:22 ERROR : (XSDB Server)R
23:46:22 ERROR : (XSDB Server)R
23:46:22 ERROR : (XSDB Server)O
23:46:22 ERROR : (XSDB Server)R
23:46:22 ERROR : (XSDB Server):
23:46:22 ERROR : (XSDB Server) 
23:46:22 ERROR : (XSDB Server)[
23:46:22 ERROR : (XSDB Server)H
23:46:22 ERROR : (XSDB Server)s
23:46:22 ERROR : (XSDB Server)i
23:46:22 ERROR : (XSDB Server) 
23:46:22 ERROR : (XSDB Server)5
23:46:22 ERROR : (XSDB Server)5
23:46:22 ERROR : (XSDB Server)-
23:46:22 ERROR : (XSDB Server)1
23:46:22 ERROR : (XSDB Server)5
23:46:22 ERROR : (XSDB Server)9
23:46:22 ERROR : (XSDB Server)4
23:46:22 ERROR : (XSDB Server)]
23:46:22 ERROR : (XSDB Server) 
23:46:22 ERROR : (XSDB Server)C
23:46:22 ERROR : (XSDB Server)o
23:46:22 ERROR : (XSDB Server)r
23:46:22 ERROR : (XSDB Server)e
23:46:22 ERROR : (XSDB Server) 
23:46:22 ERROR : (XSDB Server)s
23:46:22 ERROR : (XSDB Server)t
23:46:22 ERROR : (XSDB Server)a
23:46:22 ERROR : (XSDB Server)n
23:46:22 ERROR : (XSDB Server)d
23:46:22 ERROR : (XSDB Server)a
23:46:22 ERROR : (XSDB Server)l
23:46:22 ERROR : (XSDB Server)o
23:46:22 ERROR : (XSDB Server)n
23:46:22 ERROR : (XSDB Server)e
23:46:22 ERROR : (XSDB Server) 
23:46:22 ERROR : (XSDB Server)o
23:46:22 ERROR : (XSDB Server)f
23:46:22 ERROR : (XSDB Server) 
23:46:22 ERROR : (XSDB Server)v
23:46:22 ERROR : (XSDB Server)e
23:46:22 ERROR : (XSDB Server)r
23:46:22 ERROR : (XSDB Server)s
23:46:22 ERROR : (XSDB Server)i
23:46:22 ERROR : (XSDB Server)o
23:46:22 ERROR : (XSDB Server)n
23:46:22 ERROR : (XSDB Server) 
23:46:22 ERROR : (XSDB Server)6
23:46:22 ERROR : (XSDB Server).
23:46:22 ERROR : (XSDB Server)7
23:46:22 ERROR : (XSDB Server) 
23:46:22 ERROR : (XSDB Server)n
23:46:22 ERROR : (XSDB Server)ot found in repositories

23:46:22 ERROR : (XSDB Server)E
23:46:22 ERROR : (XSDB Server)R
23:46:22 ERROR : (XSDB Server)R
23:46:22 ERROR : (XSDB Server)O
23:46:22 ERROR : (XSDB Server)R
23:46:22 ERROR : (XSDB Server):
23:46:22 ERROR : (XSDB Server) 
23:46:22 ERROR : (XSDB Server)[
23:46:22 ERROR : (XSDB Server)H
23:46:22 ERROR : (XSDB Server)s
23:46:22 ERROR : (XSDB Server)i
23:46:22 ERROR : (XSDB Server) 
23:46:22 ERROR : (XSDB Server)5
23:46:22 ERROR : (XSDB Server)5
23:46:22 ERROR : (XSDB Server)-
23:46:22 ERROR : (XSDB Server)1
23:46:22 ERROR : (XSDB Server)4
23:46:22 ERROR : (XSDB Server)5
23:46:22 ERROR : (XSDB Server)2
23:46:22 ERROR : (XSDB Server)]
23:46:22 ERROR : (XSDB Server) 
23:46:22 ERROR : (XSDB Server)E
23:46:22 ERROR : (XSDB Server)r
23:46:22 ERROR : (XSDB Server)r
23:46:22 ERROR : (XSDB Server)o
23:46:22 ERROR : (XSDB Server)r
23:46:22 ERROR : (XSDB Server):
23:46:22 ERROR : (XSDB Server) 
23:46:22 ERROR : (XSDB Server)r
23:46:22 ERROR : (XSDB Server)u
23:46:22 ERROR : (XSDB Server)n
23:46:22 ERROR : (XSDB Server)n
23:46:22 ERROR : (XSDB Server)i
23:46:22 ERROR : (XSDB Server)n
23:46:22 ERROR : (XSDB Server)g
23:46:22 ERROR : (XSDB Server) 
23:46:22 ERROR : (XSDB Server)o
23:46:22 ERROR : (XSDB Server)p
23:46:22 ERROR : (XSDB Server)e
23:46:22 ERROR : (XSDB Server)n
23:46:22 ERROR : (XSDB Server)_
23:46:22 ERROR : (XSDB Server)s
23:46:22 ERROR : (XSDB Server)w
23:46:22 ERROR : (XSDB Server)_
23:46:22 ERROR : (XSDB Server)d
23:46:22 ERROR : (XSDB Server)e
23:46:22 ERROR : (XSDB Server)s
23:46:22 ERROR : (XSDB Server)i
23:46:22 ERROR : (XSDB Server)g
23:46:22 ERROR : (XSDB Server)n
23:46:22 ERROR : (XSDB Server).
23:46:22 ERROR : (XSDB Server)

23:46:22 ERROR : Failed to call sync_sw_with_hw_change
Reason: ERROR: [Common 17-39] 'hsi::open_sw_design' failed due to earlier errors.

23:46:22 ERROR : Error updating BSP project MSS files.
23:46:24 INFO  : Updating hardware inferred compiler options for SSEG_Switches_Display.
23:46:24 INFO  : Clearing existing target manager status.
23:46:24 INFO  : Workspace synchronized with the new hardware specification file. Cleaning dependent projects...
23:46:25 WARN  : Linker script will not be updated automatically. Users need to update it manually.
23:47:16 INFO  : CPU Number not found for processor microblaze_I, defaulting to 0 
23:47:17 INFO  : 'targets -set -filter {jtag_cable_name =~ "Digilent Nexys4DDR 210292A4BA4EA" && level==0} -index 0' command is executed.
23:47:17 INFO  : 'fpga -state' command is executed.
23:47:17 INFO  : Connected to target on host '127.0.0.1' and port '3121'.
23:47:17 INFO  : CPU Number not found for processor microblaze_I, defaulting to 0 
23:47:17 INFO  : Bscan info not found for microblaze  microblaze_I, defaulting to 2 
23:47:17 INFO  : CPU Number not found for processor microblaze_I, defaulting to 0 
23:47:17 INFO  : Bscan info not found for microblaze  microblaze_I, defaulting to 2 
23:47:17 INFO  : Jtag cable 'Digilent Nexys4DDR 210292A4BA4EA' is selected.
23:47:18 INFO  : 'jtag frequency' command is executed.
23:47:21 ERROR : no targets found with "name =~ "microblaze*#0" && bscan=="USER2"  && jtag_cable_name =~ "Digilent Nexys4DDR 210292A4BA4EA"". available targets:
  1* xc7a100t
23:47:21 INFO  : ----------------XSDB Script----------------
connect -url tcp:127.0.0.1:3121
targets -set -nocase -filter {name =~ "microblaze*#0" && bscan=="USER2"  && jtag_cable_name =~ "Digilent Nexys4DDR 210292A4BA4EA"} -index 0
----------------End of Script----------------

23:50:47 INFO  : Connected to target on host '127.0.0.1' and port '3121'.
23:50:49 INFO  : 'targets -set -filter {jtag_cable_name =~ "Digilent Nexys4DDR 210292A4BA4EA" && level==0} -index 0' command is executed.
23:50:51 INFO  : FPGA configured successfully with bitstream "C:/Users/user/SSEG_Peripheral/workspace/SSEG_Implem/download.bit"
00:11:41 INFO  : SDK has detected change in the last modified timestamps for source hardware specification file Source:1543471819052,  Project:1543470294902
00:11:41 INFO  : Project SSEG_Implem's source hardware specification located at C:\Users\user\SSEG_Peripheral\workspace\mcs_top_vanilla.hdf is now different from the local copy.
		 The local copy will be replaced with the source specification and your workspace will be updated.
00:11:41 INFO  : Copied contents of C:\Users\user\SSEG_Peripheral\workspace\mcs_top_vanilla.hdf into \SSEG_Implem\system.hdf.
00:11:42 INFO  : Synchronizing projects in the workspace with the hardware platform specification changes.
00:11:42 ERROR : (XSDB Server)ERROR: [Hsi 55-1594] Core cpu of version 2.7 not found in repositories
ERROR: [Hsi 55-1594] Core bram of version 4.2 not found in repositories

00:11:42 ERROR : (XSDB Server)ERROR: [Hsi 55-1594] Core bram of version 4.2 not found in repositories
ERROR: [Hsi 55-1594] Core iomodule of version 2.5 not found in repositories
ERROR: [Hsi 55-1594] Core standalone of version 6.7 not found in repositories
ERROR: [Hsi 55-1452] Error: running open_sw_design.

00:11:42 ERROR : Failed to call sync_sw_with_hw_change
Reason: ERROR: [Common 17-39] 'hsi::open_sw_design' failed due to earlier errors.

00:11:43 ERROR : Error updating BSP project MSS files.
00:11:44 INFO  : Updating hardware inferred compiler options for SSEG_Switches_Display.
00:11:44 INFO  : Clearing existing target manager status.
00:11:44 INFO  : Workspace synchronized with the new hardware specification file. Cleaning dependent projects...
00:11:45 WARN  : Linker script will not be updated automatically. Users need to update it manually.
00:15:15 INFO  : The new hardware specification file contains the same information as the current specification file. No changes were done to the workspace.
00:17:18 INFO  : Connected to target on host '127.0.0.1' and port '3121'.
00:17:18 INFO  : 'targets -set -filter {jtag_cable_name =~ "Digilent Nexys4DDR 210292A4BA4EA" && level==0} -index 0' command is executed.
00:17:20 INFO  : FPGA configured successfully with bitstream "C:/Users/user/SSEG_Peripheral/workspace/SSEG_Implem/download.bit"
00:30:18 INFO  : SDK has detected change in the last modified timestamps for source hardware specification file Source:1543472936467,  Project:1543471819052
00:30:18 INFO  : Project SSEG_Implem's source hardware specification located at C:\Users\user\SSEG_Peripheral\workspace\mcs_top_vanilla.hdf is now different from the local copy.
		 The local copy will be replaced with the source specification and your workspace will be updated.
00:30:18 INFO  : Copied contents of C:\Users\user\SSEG_Peripheral\workspace\mcs_top_vanilla.hdf into \SSEG_Implem\system.hdf.
00:30:18 INFO  : Synchronizing projects in the workspace with the hardware platform specification changes.
00:30:19 ERROR : (XSDB Server)ERROR: [Hsi 55-1594] Core cpu of version 2.7 not found in repositories

00:30:19 ERROR : (XSDB Server)ERROR: [Hsi 55-1594] Core bram of version 4.2 not found in repositories
ERROR: [Hsi 55-1594] Core bram of version 4.2 not found in repositories
ERROR: [Hsi 55-1594] Core iomodule of version 2.5 not found in repositories
ERROR: [Hsi 55-1594] Core standalone of version 6.7 not found in repositories

00:30:19 ERROR : (XSDB Server)ERROR: [Hsi 55-1452] Error: running 
00:30:19 ERROR : (XSDB Server)o
00:30:19 ERROR : (XSDB Server)p
00:30:19 ERROR : (XSDB Server)e
00:30:19 ERROR : (XSDB Server)n
00:30:19 ERROR : (XSDB Server)_
00:30:19 ERROR : (XSDB Server)s
00:30:19 ERROR : (XSDB Server)w
00:30:19 ERROR : (XSDB Server)_
00:30:19 ERROR : (XSDB Server)d
00:30:19 ERROR : (XSDB Server)e
00:30:19 ERROR : (XSDB Server)s
00:30:19 ERROR : (XSDB Server)i
00:30:19 ERROR : (XSDB Server)gn.

00:30:19 ERROR : Failed to call sync_sw_with_hw_change
Reason: ERROR: [Common 17-39] 'hsi::open_sw_design' failed due to earlier errors.

00:30:20 ERROR : Error updating BSP project MSS files.
00:30:21 INFO  : Updating hardware inferred compiler options for SSEG_Switches_Display.
00:30:21 INFO  : Clearing existing target manager status.
00:30:21 INFO  : Workspace synchronized with the new hardware specification file. Cleaning dependent projects...
00:30:22 WARN  : Linker script will not be updated automatically. Users need to update it manually.
00:31:02 INFO  : The new hardware specification file contains the same information as the current specification file. No changes were done to the workspace.
00:31:31 INFO  : Connected to target on host '127.0.0.1' and port '3121'.
00:31:31 INFO  : 'targets -set -filter {jtag_cable_name =~ "Digilent Nexys4DDR 210292A4BA4EA" && level==0} -index 0' command is executed.
00:31:34 INFO  : FPGA configured successfully with bitstream "C:/Users/user/SSEG_Peripheral/workspace/SSEG_Implem/download.bit"
00:35:36 INFO  : Project 'sseg' created. You can now create BSPs and application projects targeting this hardware platform.
00:36:27 ERROR : Unexpected error occurred during generating bsp sources
java.lang.reflect.InvocationTargetException
	at org.eclipse.jface.operation.ModalContext.run(ModalContext.java:398)
	at org.eclipse.jface.dialogs.ProgressMonitorDialog.run(ProgressMonitorDialog.java:481)
	at org.eclipse.ui.internal.progress.ProgressMonitorJobsDialog.run(ProgressMonitorJobsDialog.java:242)
	at org.eclipse.ui.internal.progress.ProgressManager$3.run(ProgressManager.java:895)
	at org.eclipse.swt.custom.BusyIndicator.showWhile(BusyIndicator.java:70)
	at org.eclipse.ui.internal.progress.ProgressManager.busyCursorWhile(ProgressManager.java:930)
	at org.eclipse.ui.internal.progress.ProgressManager.busyCursorWhile(ProgressManager.java:905)
	at org.eclipse.ui.internal.progress.ProgressManager.run(ProgressManager.java:1078)
	at com.xilinx.sdk.sw.ui.handlers.RegenBspSourcesHandler.execute(RegenBspSourcesHandler.java:124)
	at com.xilinx.sdk.sw.ui.handlers.RegenBspSourcesHandler.execute(RegenBspSourcesHandler.java:78)
	at org.eclipse.ui.internal.handlers.HandlerProxy.execute(HandlerProxy.java:295)
	at org.eclipse.ui.internal.handlers.E4HandlerProxy.execute(E4HandlerProxy.java:90)
	at sun.reflect.GeneratedMethodAccessor50.invoke(Unknown Source)
	at sun.reflect.DelegatingMethodAccessorImpl.invoke(DelegatingMethodAccessorImpl.java:43)
	at java.lang.reflect.Method.invoke(Method.java:498)
	at org.eclipse.e4.core.internal.di.MethodRequestor.execute(MethodRequestor.java:55)
	at org.eclipse.e4.core.internal.di.InjectorImpl.invokeUsingClass(InjectorImpl.java:282)
	at org.eclipse.e4.core.internal.di.InjectorImpl.invoke(InjectorImpl.java:264)
	at org.eclipse.e4.core.contexts.ContextInjectionFactory.invoke(ContextInjectionFactory.java:132)
	at org.eclipse.e4.core.commands.internal.HandlerServiceHandler.execute(HandlerServiceHandler.java:152)
	at org.eclipse.core.commands.Command.executeWithChecks(Command.java:494)
	at org.eclipse.core.commands.ParameterizedCommand.executeWithChecks(ParameterizedCommand.java:488)
	at org.eclipse.e4.core.commands.internal.HandlerServiceImpl.executeHandler(HandlerServiceImpl.java:210)
	at org.eclipse.e4.ui.workbench.renderers.swt.HandledContributionItem.executeItem(HandledContributionItem.java:433)
	at org.eclipse.e4.ui.workbench.renderers.swt.AbstractContributionItem.handleWidgetSelection(AbstractContributionItem.java:454)
	at org.eclipse.e4.ui.workbench.renderers.swt.AbstractContributionItem$3.handleEvent(AbstractContributionItem.java:482)
	at org.eclipse.swt.widgets.EventTable.sendEvent(EventTable.java:84)
	at org.eclipse.swt.widgets.Display.sendEvent(Display.java:4410)
	at org.eclipse.swt.widgets.Widget.sendEvent(Widget.java:1079)
	at org.eclipse.swt.widgets.Display.runDeferredEvents(Display.java:4228)
	at org.eclipse.swt.widgets.Display.readAndDispatch(Display.java:3816)
	at org.eclipse.e4.ui.internal.workbench.swt.PartRenderingEngine$4.run(PartRenderingEngine.java:1121)
	at org.eclipse.core.databinding.observable.Realm.runWithDefault(Realm.java:336)
	at org.eclipse.e4.ui.internal.workbench.swt.PartRenderingEngine.run(PartRenderingEngine.java:1022)
	at org.eclipse.e4.ui.internal.workbench.E4Workbench.createAndRunUI(E4Workbench.java:150)
	at org.eclipse.ui.internal.Workbench$5.run(Workbench.java:687)
	at org.eclipse.core.databinding.observable.Realm.runWithDefault(Realm.java:336)
	at org.eclipse.ui.internal.Workbench.createAndRunWorkbench(Workbench.java:604)
	at org.eclipse.ui.PlatformUI.createAndRunWorkbench(PlatformUI.java:148)
	at org.eclipse.ui.internal.ide.application.IDEApplication.start(IDEApplication.java:138)
	at org.eclipse.equinox.internal.app.EclipseAppHandle.run(EclipseAppHandle.java:196)
	at org.eclipse.core.runtime.internal.adaptor.EclipseAppLauncher.runApplication(EclipseAppLauncher.java:134)
	at org.eclipse.core.runtime.internal.adaptor.EclipseAppLauncher.start(EclipseAppLauncher.java:104)
	at org.eclipse.core.runtime.adaptor.EclipseStarter.run(EclipseStarter.java:388)
	at org.eclipse.core.runtime.adaptor.EclipseStarter.run(EclipseStarter.java:243)
	at sun.reflect.NativeMethodAccessorImpl.invoke0(Native Method)
	at sun.reflect.NativeMethodAccessorImpl.invoke(NativeMethodAccessorImpl.java:62)
	at sun.reflect.DelegatingMethodAccessorImpl.invoke(DelegatingMethodAccessorImpl.java:43)
	at java.lang.reflect.Method.invoke(Method.java:498)
	at org.eclipse.equinox.launcher.Main.invokeFramework(Main.java:673)
	at org.eclipse.equinox.launcher.Main.basicRun(Main.java:610)
	at org.eclipse.equinox.launcher.Main.run(Main.java:1519)
Caused by: java.lang.NullPointerException
	at com.xilinx.sdk.sw.ui.handlers.RegenBspSourcesHandler$1.run(RegenBspSourcesHandler.java:135)
	at org.eclipse.jface.operation.ModalContext$ModalContextThread.run(ModalContext.java:119)
00:37:55 INFO  : Refreshed build settings on project SSEG_Switches_Display
00:39:06 INFO  : Connected to target on host '127.0.0.1' and port '3121'.
00:39:06 INFO  : 'targets -set -filter {jtag_cable_name =~ "Digilent Nexys4DDR 210292A4BA4EA" && level==0} -index 0' command is executed.
00:39:09 INFO  : FPGA configured successfully with bitstream "C:/Users/user/SSEG_Peripheral/workspace/sseg/download.bit"
00:40:59 ERROR : Unexpected error while fetching XMD's response: 
java.net.SocketException: Connection reset
	at java.net.SocketInputStream.read(SocketInputStream.java:209)
	at java.net.SocketInputStream.read(SocketInputStream.java:141)
	at sun.nio.cs.StreamDecoder.readBytes(StreamDecoder.java:284)
	at sun.nio.cs.StreamDecoder.implRead(StreamDecoder.java:326)
	at sun.nio.cs.StreamDecoder.read(StreamDecoder.java:178)
	at java.io.InputStreamReader.read(InputStreamReader.java:184)
	at java.io.BufferedReader.fill(BufferedReader.java:161)
	at java.io.BufferedReader.read(BufferedReader.java:182)
	at com.xilinx.sdk.targetmanager.internal.json.XMDJSONProcess$CommandResultsReader.run(XMDJSONProcess.java:332)
	at java.lang.Thread.run(Thread.java:745)
00:40:59 ERROR : Zero sized response read from XMD. This indicates a communication error or a programming error.
00:44:19 INFO  : Launching XSCT server: xsct.bat -interactive C:\Users\user\SSEG_Peripheral\workspace\temp_xsdb_launch_script.tcl
00:44:21 INFO  : XSCT server has started successfully.
00:44:28 INFO  : Successfully done setting XSCT server connection channel  
00:44:28 INFO  : Successfully done setting SDK workspace  
00:44:30 INFO  : Registering command handlers for SDK TCF services
00:45:11 INFO  : The new hardware specification file contains the same information as the current specification file. No changes were done to the workspace.
00:45:55 INFO  : Connected to target on host '127.0.0.1' and port '3121'.
00:45:57 INFO  : 'targets -set -filter {jtag_cable_name =~ "Digilent Nexys4DDR 210292A4BA4EA" && level==0} -index 0' command is executed.
00:46:00 INFO  : FPGA configured successfully with bitstream "C:/Users/user/SSEG_Peripheral/workspace/sseg/download.bit"
00:48:09 INFO  : Connected to target on host '127.0.0.1' and port '3121'.
00:48:10 INFO  : 'targets -set -filter {jtag_cable_name =~ "Digilent Nexys4DDR 210292A4BA4EA" && level==0} -index 0' command is executed.
00:48:12 INFO  : FPGA configured successfully with bitstream "C:/Users/user/SSEG_Peripheral/workspace/sseg/download.bit"
13:31:11 INFO  : Connected to target on host '127.0.0.1' and port '3121'.
13:31:11 INFO  : 'targets -set -filter {jtag_cable_name =~ "Digilent Nexys4DDR 210292A4BA4EA" && level==0} -index 0' command is executed.
13:31:13 INFO  : FPGA configured successfully with bitstream "C:/Users/user/SSEG_Peripheral/workspace/sseg/download.bit"
13:40:18 INFO  : Connected to target on host '127.0.0.1' and port '3121'.
13:40:18 INFO  : 'targets -set -filter {jtag_cable_name =~ "Digilent Nexys4DDR 210292A4BA4EA" && level==0} -index 0' command is executed.
13:40:20 INFO  : FPGA configured successfully with bitstream "C:/Users/user/SSEG_Peripheral/workspace/sseg/download.bit"
13:57:05 INFO  : Connected to target on host '127.0.0.1' and port '3121'.
13:57:05 INFO  : 'targets -set -filter {jtag_cable_name =~ "Digilent Nexys4DDR 210292A4BA4EA" && level==0} -index 0' command is executed.
13:57:07 INFO  : FPGA configured successfully with bitstream "C:/Users/user/SSEG_Peripheral/workspace/sseg/download.bit"
15:03:08 INFO  : Connected to target on host '127.0.0.1' and port '3121'.
15:03:08 INFO  : 'targets -set -filter {jtag_cable_name =~ "Digilent Nexys4DDR 210292A4BA4EA" && level==0} -index 0' command is executed.
15:03:11 INFO  : FPGA configured successfully with bitstream "C:/Users/user/SSEG_Peripheral/workspace/sseg/download.bit"
